Determining if the pthread_create exist failed with the following output:
Change Dir: /home/dev/robot/build/CMakeFiles/CMakeTmp

Run Build Command:"/usr/bin/make" "cmTC_1ee6a/fast"
/usr/bin/make -f CMakeFiles/cmTC_1ee6a.dir/build.make CMakeFiles/cmTC_1ee6a.dir/build
make[1]: Entering directory '/home/dev/robot/build/CMakeFiles/CMakeTmp'
Building C object CMakeFiles/cmTC_1ee6a.dir/CheckSymbolExists.c.o
/usr/bin/cc     -o CMakeFiles/cmTC_1ee6a.dir/CheckSymbolExists.c.o   -c /home/dev/robot/build/CMakeFiles/CMakeTmp/CheckSymbolExists.c
Linking C executable cmTC_1ee6a
/usr/bin/cmake -E cmake_link_script CMakeFiles/cmTC_1ee6a.dir/link.txt --verbose=1
/usr/bin/cc       CMakeFiles/cmTC_1ee6a.dir/CheckSymbolExists.c.o  -o cmTC_1ee6a -rdynamic 
CMakeFiles/cmTC_1ee6a.dir/CheckSymbolExists.c.o: In function `main':
CheckSymbolExists.c:(.text+0x16): undefined reference to `pthread_create'
collect2: error: ld returned 1 exit status
CMakeFiles/cmTC_1ee6a.dir/build.make:97: recipe for target 'cmTC_1ee6a' failed
make[1]: *** [cmTC_1ee6a] Error 1
make[1]: Leaving directory '/home/dev/robot/build/CMakeFiles/CMakeTmp'
Makefile:126: recipe for target 'cmTC_1ee6a/fast' failed
make: *** [cmTC_1ee6a/fast] Error 2

File /home/dev/robot/build/CMakeFiles/CMakeTmp/CheckSymbolExists.c:
/* */
#include <pthread.h>

int main(int argc, char** argv)
{
  (void)argv;
#ifndef pthread_create
  return ((int*)(&pthread_create))[argc];
#else
  (void)argc;
  return 0;
#endif
}

Determining if the function pthread_create exists in the pthreads failed with the following output:
Change Dir: /home/dev/robot/build/CMakeFiles/CMakeTmp

Run Build Command:"/usr/bin/make" "cmTC_0055f/fast"
/usr/bin/make -f CMakeFiles/cmTC_0055f.dir/build.make CMakeFiles/cmTC_0055f.dir/build
make[1]: Entering directory '/home/dev/robot/build/CMakeFiles/CMakeTmp'
Building C object CMakeFiles/cmTC_0055f.dir/CheckFunctionExists.c.o
/usr/bin/cc    -DCHECK_FUNCTION_EXISTS=pthread_create   -o CMakeFiles/cmTC_0055f.dir/CheckFunctionExists.c.o   -c /usr/share/cmake-3.5/Modules/CheckFunctionExists.c
Linking C executable cmTC_0055f
/usr/bin/cmake -E cmake_link_script CMakeFiles/cmTC_0055f.dir/link.txt --verbose=1
/usr/bin/cc   -DCHECK_FUNCTION_EXISTS=pthread_create    CMakeFiles/cmTC_0055f.dir/CheckFunctionExists.c.o  -o cmTC_0055f -rdynamic -lpthreads 
/usr/bin/ld: cannot find -lpthreads
collect2: error: ld returned 1 exit status
CMakeFiles/cmTC_0055f.dir/build.make:97: recipe for target 'cmTC_0055f' failed
make[1]: *** [cmTC_0055f] Error 1
make[1]: Leaving directory '/home/dev/robot/build/CMakeFiles/CMakeTmp'
Makefile:126: recipe for target 'cmTC_0055f/fast' failed
make: *** [cmTC_0055f/fast] Error 2


